  Application.cpp
  Attribute.cpp
D:\repo\OpenGL\OpenGL\src\Attribute.cpp(42,57): warning C4312: 'type cast': conversion from 'const uint32_t' to 'const void *' of greater size
  Buffer.cpp
  Renderer.cpp
D:\repo\OpenGL\OpenGL\src\Renderer.cpp(104,66): warning C4244: '=': conversion from 'uint32_t' to 'float', possible loss of data
D:\repo\OpenGL\OpenGL\src\Renderer.cpp(105,66): warning C4244: '=': conversion from 'uint32_t' to 'float', possible loss of data
D:\repo\OpenGL\OpenGL\src\Renderer.cpp(106,66): warning C4244: '=': conversion from 'uint32_t' to 'float', possible loss of data
D:\repo\OpenGL\OpenGL\src\Renderer.cpp(107,66): warning C4244: '=': conversion from 'uint32_t' to 'float', possible loss of data
  Shader.cpp
  VertexArray.cpp
  main.cpp
LINK : warning LNK4098: defaultlib 'LIBCMT' conflicts with use of other libs; use /NODEFAULTLIB:library
  Generating code
  5 of 383 functions ( 1.3%) were compiled, the rest were copied from previous compilation.
    3 functions were new in current compilation
    9 functions had inline decision re-evaluated but remain unchanged
  Finished generating code
glew32s.lib(glew.obj) : warning LNK4099: PDB 'vc120.pdb' was not found with 'glew32s.lib(glew.obj)' or at 'D:\repo\OpenGL\x64\Release\vc120.pdb'; linking object as if no debug info
  OpenGL.vcxproj -> D:\repo\OpenGL\x64\Release\OpenGL.exe
