  main.cpp
Shader.obj : error LNK2001: unresolved external symbol ___glewAttachShader
Shader.obj : error LNK2001: unresolved external symbol ___glewCompileShader
Shader.obj : error LNK2001: unresolved external symbol ___glewCreateProgram
Shader.obj : error LNK2001: unresolved external symbol ___glewCreateShader
Shader.obj : error LNK2001: unresolved external symbol ___glewDeleteShader
Shader.obj : error LNK2001: unresolved external symbol ___glewGetShaderInfoLog
Shader.obj : error LNK2001: unresolved external symbol ___glewGetShaderiv
Shader.obj : error LNK2001: unresolved external symbol ___glewGetUniformLocation
Shader.obj : error LNK2001: unresolved external symbol ___glewLinkProgram
Shader.obj : error LNK2001: unresolved external symbol ___glewShaderSource
Shader.obj : error LNK2001: unresolved external symbol ___glewUseProgram
Shader.obj : error LNK2001: unresolved external symbol ___glewValidateProgram
Attribute.obj : error LNK2001: unresolved external symbol ___glewEnableVertexAttribArray
Attribute.obj : error LNK2001: unresolved external symbol ___glewVertexAttribPointer
Buffer.obj : error LNK2001: unresolved external symbol ___glewBindBuffer
Buffer.obj : error LNK2001: unresolved external symbol ___glewBufferData
Buffer.obj : error LNK2001: unresolved external symbol ___glewDeleteBuffers
Buffer.obj : error LNK2001: unresolved external symbol ___glewGenBuffers
main.obj : error LNK2019: unresolved external symbol _glewInit@0 referenced in function _main
main.obj : error LNK2019: unresolved external symbol _glfwInit referenced in function _main
main.obj : error LNK2019: unresolved external symbol _glfwTerminate referenced in function _main
main.obj : error LNK2019: unresolved external symbol _glfwWindowHint referenced in function _main
main.obj : error LNK2019: unresolved external symbol _glfwCreateWindow referenced in function _main
main.obj : error LNK2019: unresolved external symbol _glfwWindowShouldClose referenced in function _main
main.obj : error LNK2019: unresolved external symbol _glfwPollEvents referenced in function _main
main.obj : error LNK2019: unresolved external symbol _glfwMakeContextCurrent referenced in function _main
main.obj : error LNK2019: unresolved external symbol _glfwSwapBuffers referenced in function _main
main.obj : error LNK2019: unresolved external symbol _glfwSwapInterval referenced in function _main
main.obj : error LNK2001: unresolved external symbol ___glewUniform4f
VertexArray.obj : error LNK2001: unresolved external symbol ___glewBindVertexArray
VertexArray.obj : error LNK2001: unresolved external symbol ___glewDeleteVertexArrays
VertexArray.obj : error LNK2001: unresolved external symbol ___glewGenVertexArrays
D:\repo\OpenGL\Dependencies\GLEW\lib\Release\x64\glew32s.lib : warning LNK4272: library machine type 'x64' conflicts with target machine type 'x86'
D:\repo\OpenGL\Dependencies\GLFW\lib-vc2022\glfw3.lib : warning LNK4272: library machine type 'x64' conflicts with target machine type 'x86'
D:\repo\OpenGL\Debug\OpenGL.exe : fatal error LNK1120: 32 unresolved externals
